[debug] [2022-09-03T09:25:32.451Z] ----------------------------------------------------------------------
[debug] [2022-09-03T09:25:32.452Z] Command:       /usr/local/bin/node /usr/local/bin/firebase deploy
[debug] [2022-09-03T09:25:32.452Z] CLI Version:   11.8.0
[debug] [2022-09-03T09:25:32.452Z] Platform:      darwin
[debug] [2022-09-03T09:25:32.452Z] Node Version:  v16.16.0
[debug] [2022-09-03T09:25:32.453Z] Time:          Sat Sep 03 2022 09:25:32 GMT+0000 (heure moyenne de Greenwich)
[debug] [2022-09-03T09:25:32.453Z] ----------------------------------------------------------------------
[debug] 
[debug] [2022-09-03T09:25:32.498Z] > command requires scopes: ["email","openid","https://www.googleapis.com/auth/cloudplatformprojects.readonly","https://www.googleapis.com/auth/firebase","https://www.googleapis.com/auth/cloud-platform"]
[debug] [2022-09-03T09:25:32.499Z] > authorizing via signed-in user (abdul.kabore@uvci.edu.ci)
[debug] [2022-09-03T09:25:32.499Z] [iam] checking project health-4d90f for permissions ["firebase.projects.get","firebasehosting.sites.update"]
[debug] [2022-09-03T09:25:32.500Z] >>> [apiv2][query] POST https://cloudresourcemanager.googleapis.com/v1/projects/health-4d90f:testIamPermissions [none]
[debug] [2022-09-03T09:25:32.500Z] >>> [apiv2][(partial)header] POST https://cloudresourcemanager.googleapis.com/v1/projects/health-4d90f:testIamPermissions x-goog-quota-user=projects/health-4d90f
[debug] [2022-09-03T09:25:32.500Z] >>> [apiv2][body] POST https://cloudresourcemanager.googleapis.com/v1/projects/health-4d90f:testIamPermissions {"permissions":["firebase.projects.get","firebasehosting.sites.update"]}
[debug] [2022-09-03T09:25:33.527Z] <<< [apiv2][status] POST https://cloudresourcemanager.googleapis.com/v1/projects/health-4d90f:testIamPermissions 200
[debug] [2022-09-03T09:25:33.528Z] <<< [apiv2][body] POST https://cloudresourcemanager.googleapis.com/v1/projects/health-4d90f:testIamPermissions {"permissions":["firebase.projects.get","firebasehosting.sites.update"]}
[debug] [2022-09-03T09:25:33.528Z] >>> [apiv2][query] GET https://firebase.googleapis.com/v1beta1/projects/health-4d90f [none]
[debug] [2022-09-03T09:25:34.054Z] <<< [apiv2][status] GET https://firebase.googleapis.com/v1beta1/projects/health-4d90f 200
[debug] [2022-09-03T09:25:34.055Z] <<< [apiv2][body] GET https://firebase.googleapis.com/v1beta1/projects/health-4d90f {"projectId":"health-4d90f","projectNumber":"679428405651","displayName":"health","name":"projects/health-4d90f","resources":{"hostingSite":"health-4d90f","realtimeDatabaseInstance":"health-4d90f-default-rtdb","storageBucket":"health-4d90f.appspot.com","locationId":"us-central"},"state":"ACTIVE","etag":"1_a30cf945-f872-43d1-b233-d4053c4cef2a"}
[info] 
[info] === Deploying to 'health-4d90f'...
[info] 
[info] i  deploying hosting 
[debug] [2022-09-03T09:25:34.056Z] >>> [apiv2][query] GET https://firebase.googleapis.com/v1beta1/projects/health-4d90f [none]
[debug] [2022-09-03T09:25:34.559Z] <<< [apiv2][status] GET https://firebase.googleapis.com/v1beta1/projects/health-4d90f 200
[debug] [2022-09-03T09:25:34.560Z] <<< [apiv2][body] GET https://firebase.googleapis.com/v1beta1/projects/health-4d90f {"projectId":"health-4d90f","projectNumber":"679428405651","displayName":"health","name":"projects/health-4d90f","resources":{"hostingSite":"health-4d90f","realtimeDatabaseInstance":"health-4d90f-default-rtdb","storageBucket":"health-4d90f.appspot.com","locationId":"us-central"},"state":"ACTIVE","etag":"1_a30cf945-f872-43d1-b233-d4053c4cef2a"}
[debug] [2022-09-03T09:25:34.564Z] >>> [apiv2][query] POST https://firebasehosting.googleapis.com/v1beta1/projects/679428405651/sites/health-4d90f/versions [none]
[debug] [2022-09-03T09:25:34.564Z] >>> [apiv2][body] POST https://firebasehosting.googleapis.com/v1beta1/projects/679428405651/sites/health-4d90f/versions {"config":{"rewrites":[{"glob":"**","path":"/index.html"}]},"labels":{"deployment-tool":"cli-firebase"}}
[debug] [2022-09-03T09:25:35.588Z] <<< [apiv2][status] POST https://firebasehosting.googleapis.com/v1beta1/projects/679428405651/sites/health-4d90f/versions 200
[debug] [2022-09-03T09:25:35.589Z] <<< [apiv2][body] POST https://firebasehosting.googleapis.com/v1beta1/projects/679428405651/sites/health-4d90f/versions {"name":"projects/679428405651/sites/health-4d90f/versions/c00509deb20a3a46","status":"CREATED","config":{"rewrites":[{"glob":"**","path":"/index.html"}]},"labels":{"deployment-tool":"cli-firebase"}}
[info] i  hosting[health-4d90f]: beginning deploy... 
[info] i  hosting[health-4d90f]: found 12 files in dist 
[debug] [2022-09-03T09:25:35.601Z] [hosting] uploading with 200 concurrency
[debug] [2022-09-03T09:25:35.898Z] [hosting] hash cache [ZGlzdA] stored for 12 files
[debug] [2022-09-03T09:25:35.898Z] [hosting][hash queue][FINAL] {"max":290,"min":8,"avg":38.666666666666664,"active":0,"complete":12,"success":12,"errored":0,"retried":0,"total":12,"elapsed":295}
[debug] [2022-09-03T09:25:35.898Z] >>> [apiv2][query] POST https://firebasehosting.googleapis.com/v1beta1/projects/679428405651/sites/health-4d90f/versions/c00509deb20a3a46:populateFiles [none]
[debug] [2022-09-03T09:25:35.898Z] >>> [apiv2][body] POST https://firebasehosting.googleapis.com/v1beta1/projects/679428405651/sites/health-4d90f/versions/c00509deb20a3a46:populateFiles {"files":{"/mediaqueries.css":"23381ef2025dbc11c38a4a6d7534f5ad0faf2f58e46d3fd430ad20fb933097e0","/css/app.71b7b9fd.css":"855b52d509cfa3422f2a4cd8daa34ed1348fabd6805bb84f78f028c19300d809","/index.html":"36a22d038dc8db8281a3074ce2ca40b29f64f439d17a072822fabe3321022241","/favicon.ico":"1e71457865f706dc865b49a54a86e193818220d290b30226b6630a42faf1535d","/H.png":"bcf565f9ff1c002e98b698e460c2795624baea49bdf36befdc4664a8a969342a","/img/v.cbef0063.png":"e947408ea24c087058193bd08f65fdb379cf1d1256b60eb1b4117dd468fe4553","/js/app.156f2b3d.js":"11da49359104695d02d481e933be4349c8f19ed917fe341283a37ca535476f52","/img/logo.44605b74.png":"8fb5d6c779c2387913af500eac93491311f26e4cf679dcb5f4756104cba23f2c","/js/app.156f2b3d.js.map":"933236af01722a677d8a7c7f043b8f4abe8155de63dbb16fa56a8d3d9ab4d574","/js/chunk-vendors.73af1c25.js":"6280048fdd1908ac0b8de46cb491e9a0fbc8a7de3615a6adf6fba7d2bf23cf41","/img/network.55f10a55.png":"1823e07251d9d2e7f57cd95e2dc48cd24761d7a299fce5e6d618b298102b9481","/js/chunk-vendors.73af1c25.js.map":"00954ce01a87fd9fcd29c0bb37c02ddf181d3599abd0e4538032ee5e8cb2d297"}}
[debug] [2022-09-03T09:25:37.119Z] <<< [apiv2][status] POST https://firebasehosting.googleapis.com/v1beta1/projects/679428405651/sites/health-4d90f/versions/c00509deb20a3a46:populateFiles 200
[debug] [2022-09-03T09:25:37.119Z] <<< [apiv2][body] POST https://firebasehosting.googleapis.com/v1beta1/projects/679428405651/sites/health-4d90f/versions/c00509deb20a3a46:populateFiles {"uploadRequiredHashes":["36a22d038dc8db8281a3074ce2ca40b29f64f439d17a072822fabe3321022241","933236af01722a677d8a7c7f043b8f4abe8155de63dbb16fa56a8d3d9ab4d574","11da49359104695d02d481e933be4349c8f19ed917fe341283a37ca535476f52"],"uploadUrl":"https://upload-firebasehosting.googleapis.com/upload/sites/health-4d90f/versions/c00509deb20a3a46/files"}
[debug] [2022-09-03T09:25:37.121Z] >>> [apiv2][query] POST https://upload-firebasehosting.googleapis.com/upload/sites/health-4d90f/versions/c00509deb20a3a46/files/36a22d038dc8db8281a3074ce2ca40b29f64f439d17a072822fabe3321022241 [none]
[debug] [2022-09-03T09:25:37.122Z] >>> [apiv2][body] POST https://upload-firebasehosting.googleapis.com/upload/sites/health-4d90f/versions/c00509deb20a3a46/files/36a22d038dc8db8281a3074ce2ca40b29f64f439d17a072822fabe3321022241 [stream]
[debug] [2022-09-03T09:25:37.123Z] >>> [apiv2][query] POST https://upload-firebasehosting.googleapis.com/upload/sites/health-4d90f/versions/c00509deb20a3a46/files/933236af01722a677d8a7c7f043b8f4abe8155de63dbb16fa56a8d3d9ab4d574 [none]
[debug] [2022-09-03T09:25:37.124Z] >>> [apiv2][body] POST https://upload-firebasehosting.googleapis.com/upload/sites/health-4d90f/versions/c00509deb20a3a46/files/933236af01722a677d8a7c7f043b8f4abe8155de63dbb16fa56a8d3d9ab4d574 [stream]
[debug] [2022-09-03T09:25:37.124Z] >>> [apiv2][query] POST https://upload-firebasehosting.googleapis.com/upload/sites/health-4d90f/versions/c00509deb20a3a46/files/11da49359104695d02d481e933be4349c8f19ed917fe341283a37ca535476f52 [none]
[debug] [2022-09-03T09:25:37.124Z] >>> [apiv2][body] POST https://upload-firebasehosting.googleapis.com/upload/sites/health-4d90f/versions/c00509deb20a3a46/files/11da49359104695d02d481e933be4349c8f19ed917fe341283a37ca535476f52 [stream]
[debug] [2022-09-03T09:25:37.125Z] [hosting][populate queue][FINAL] {"max":1224,"min":1224,"avg":1224,"active":0,"complete":1,"success":1,"errored":0,"retried":0,"total":1,"elapsed":1228}
[debug] [2022-09-03T09:25:37.125Z] [hosting] uploads queued: 3
